<?xml version="1.0" encoding="UTF-8"?>
<!-- Generated by org.testng.reporters.JUnitXMLReporter -->
<testsuite ignored="0" hostname="Dragoss-Air" failures="0" tests="8" name="Default test" time="26.235" errors="0" timestamp="2023-06-27T17:59:17 EEST">
  <testcase classname="curs14.SeleniumLocators" name="tagNameLocator" time="1.164"/>
  <testcase classname="curs14.SeleniumLocators" name="linkTextLocator" time="4.4"/>
  <testcase classname="curs14.SeleniumLocators" name="partialLinkTextLocator" time="2.819"/>
  <testcase classname="curs14.SeleniumLocators" name="classNameLocator" time="0.092"/>
  <testcase classname="curs14.SeleniumLocators" name="idLocator" time="0.379"/>
  <testcase classname="curs14.SeleniumLocators" name="nameLocator" time="0.996"/>
  <testcase classname="curs14.SeleniumLocators" name="cssSelectorLocator" time="0.287"/>
  <testcase classname="curs14.SeleniumLocators" name="xpathLocator" time="0.117"/>
</testsuite> <!-- Default test -->
