<?xml version="1.0" encoding="UTF-8"?>
<testng-results ignored="0" total="8" passed="8" failed="0" skipped="0">
  <reporter-output>
  </reporter-output>
  <suite started-at="2023-06-27T17:58:51 EEST" name="Default suite" finished-at="2023-06-27T17:59:17 EEST" duration-ms="26235">
    <groups>
    </groups>
    <test started-at="2023-06-27T17:58:51 EEST" name="Default test" finished-at="2023-06-27T17:59:17 EEST" duration-ms="26235">
      <class name="curs14.SeleniumLocators">
        <test-method is-config="true" signature="setup()[pri:0, instance:curs14.SeleniumLocators@3ee37e5a]" started-at="2023-06-27T17:58:51 EEST" name="setup" finished-at="2023-06-27T17:59:03 EEST" duration-ms="11717" status="PASS">
          <reporter-output>
          </reporter-output>
        </test-method> <!-- setup -->
        <test-method signature="tagNameLocator()[pri:1, instance:curs14.SeleniumLocators@3ee37e5a]" started-at="2023-06-27T17:59:03 EEST" name="tagNameLocator" finished-at="2023-06-27T17:59:04 EEST" duration-ms="1164" status="PASS">
          <reporter-output>
          </reporter-output>
        </test-method> <!-- tagNameLocator -->
        <test-method signature="linkTextLocator()[pri:2, instance:curs14.SeleniumLocators@3ee37e5a]" started-at="2023-06-27T17:59:04 EEST" name="linkTextLocator" finished-at="2023-06-27T17:59:08 EEST" duration-ms="4400" status="PASS">
          <reporter-output>
          </reporter-output>
        </test-method> <!-- linkTextLocator -->
        <test-method signature="partialLinkTextLocator()[pri:3, instance:curs14.SeleniumLocators@3ee37e5a]" started-at="2023-06-27T17:59:08 EEST" name="partialLinkTextLocator" finished-at="2023-06-27T17:59:11 EEST" duration-ms="2819" status="PASS">
          <reporter-output>
          </reporter-output>
        </test-method> <!-- partialLinkTextLocator -->
        <test-method signature="classNameLocator()[pri:4, instance:curs14.SeleniumLocators@3ee37e5a]" started-at="2023-06-27T17:59:11 EEST" name="classNameLocator" finished-at="2023-06-27T17:59:11 EEST" duration-ms="92" status="PASS">
          <reporter-output>
          </reporter-output>
        </test-method> <!-- classNameLocator -->
        <test-method signature="idLocator()[pri:5, instance:curs14.SeleniumLocators@3ee37e5a]" started-at="2023-06-27T17:59:11 EEST" name="idLocator" finished-at="2023-06-27T17:59:12 EEST" duration-ms="379" status="PASS">
          <reporter-output>
          </reporter-output>
        </test-method> <!-- idLocator -->
        <test-method signature="nameLocator()[pri:6, instance:curs14.SeleniumLocators@3ee37e5a]" started-at="2023-06-27T17:59:12 EEST" name="nameLocator" finished-at="2023-06-27T17:59:13 EEST" duration-ms="996" status="PASS">
          <reporter-output>
          </reporter-output>
        </test-method> <!-- nameLocator -->
        <test-method signature="cssSelectorLocator()[pri:7, instance:curs14.SeleniumLocators@3ee37e5a]" started-at="2023-06-27T17:59:13 EEST" name="cssSelectorLocator" finished-at="2023-06-27T17:59:13 EEST" duration-ms="287" status="PASS">
          <reporter-output>
          </reporter-output>
        </test-method> <!-- cssSelectorLocator -->
        <test-method signature="xpathLocator()[pri:8, instance:curs14.SeleniumLocators@3ee37e5a]" started-at="2023-06-27T17:59:13 EEST" name="xpathLocator" finished-at="2023-06-27T17:59:13 EEST" duration-ms="117" status="PASS">
          <reporter-output>
          </reporter-output>
        </test-method> <!-- xpathLocator -->
        <test-method is-config="true" signature="teardown()[pri:0, instance:curs14.SeleniumLocators@3ee37e5a]" started-at="2023-06-27T17:59:13 EEST" name="teardown" finished-at="2023-06-27T17:59:17 EEST" duration-ms="4196" status="PASS">
          <reporter-output>
          </reporter-output>
        </test-method> <!-- teardown -->
      </class> <!-- curs14.SeleniumLocators -->
    </test> <!-- Default test -->
  </suite> <!-- Default suite -->
</testng-results>
